[debug] [2021-09-13T06:26:35.139Z] ----------------------------------------------------------------------
[debug] [2021-09-13T06:26:35.141Z] Command:       C:\Program Files\nodejs\node.exe C:\Users\SURYASEN\AppData\Roaming\npm\node_modules\firebase-tools\lib\bin\firebase.js init
[debug] [2021-09-13T06:26:35.142Z] CLI Version:   9.18.0
[debug] [2021-09-13T06:26:35.142Z] Platform:      win32
[debug] [2021-09-13T06:26:35.142Z] Node Version:  v14.16.0
[debug] [2021-09-13T06:26:35.143Z] Time:          Mon Sep 13 2021 11:56:35 GMT+0530 (India Standard Time)
[debug] [2021-09-13T06:26:35.143Z] ----------------------------------------------------------------------
[debug] 
[debug] [2021-09-13T06:26:35.151Z] > command requires scopes: ["email","openid","https://www.googleapis.com/auth/cloudplatformprojects.readonly","https://www.googleapis.com/auth/firebase","https://www.googleapis.com/auth/cloud-platform"]
[debug] [2021-09-13T06:26:35.151Z] > authorizing via signed-in user (tonudon86@gmail.com)
[info] 
     ######## #### ########  ######## ########     ###     ######  ########
     ##        ##  ##     ## ##       ##     ##  ##   ##  ##       ##
     ######    ##  ########  ######   ########  #########  ######  ######
     ##        ##  ##    ##  ##       ##     ## ##     ##       ## ##
     ##       #### ##     ## ######## ########  ##     ##  ######  ########

You're about to initialize a Firebase project in this directory:

  D:\react course\inotebook

[info] 
=== Project Setup
[info] 
[info] First, let's associate this project directory with a Firebase project.
[info] You can create multiple project aliases by running firebase use --add, 
[info] but for now we'll just set up a default project.
[info] 
